INFO|2020-01-13 11:21:08,235|pysph.solver.application|Running on amal-ubuntu with address 127.0.1.1
INFO|2020-01-13 11:21:08,235|pysph.solver.application|Using OpenMP
INFO|2020-01-13 11:21:08,236|pysph.solver.application|Using OpenMP schedule dynamic,64
INFO|2020-01-13 11:21:08,246|pysph.solver.application|Generating output in /home/amalss18/SPH_assignments/dam_break_pysph/dam_break_pysph_output
INFO|2020-01-13 11:21:08,313|compyle.ext_module|Compiling code at: /home/amalss18/.pysph/source/py3.6-linux-x86_64/m_830c326ed04d997ffbee84e223ffee0f.pyx
INFO|2020-01-13 11:21:17,464|pysph.solver.application|----------------------------------------------------------------------
No of particles:
  fluid: 231
  solid: 381
  Total: 612
----------------------------------------------------------------------
INFO|2020-01-13 11:21:17,465|pysph.solver.application|Using kernel:
----------------------------------------------------------------------
  CubicSpline(dim=2)
----------------------------------------------------------------------
INFO|2020-01-13 11:21:17,465|pysph.solver.application|Using nnps:
----------------------------------------------------------------------
  LinkedListNNPS(dim=2)
----------------------------------------------------------------------
INFO|2020-01-13 11:21:17,465|pysph.solver.application|Using integrator:
----------------------------------------------------------------------
  EulerIntegrator(fluid=EulerStep(), solid=EulerStep())
----------------------------------------------------------------------
INFO|2020-01-13 11:21:17,465|pysph.solver.application|Using equations:
----------------------------------------------------------------------
[
Group(equations=[
    TaitEOS(dest='fluid', sources=None, rho0=1000, c0=62.6418390534633, gamma=7.0), 
    TaitEOS(dest='solid', sources=None, rho0=1000, c0=62.6418390534633, gamma=7.0)
],
    real=False, update_nnps=False, iterate=False, max_iterations=1, min_iterations=0, pre=None, post=None),
Group(equations=[
    ContinuityEquation(dest='solid', sources=['fluid']), 
    ContinuityEquation(dest='fluid', sources=['solid', 'fluid']), 
    MomentumEquation(dest='fluid', sources=['fluid', 'solid'], beta=0, c=62.6418390534633), 
    XSPHCorrection(dest='fluid', sources=['fluid'])
],
    real=True, update_nnps=False, iterate=False, max_iterations=1, min_iterations=0, pre=None, post=None)
]
----------------------------------------------------------------------
INFO|2020-01-13 11:21:17,487|pysph.solver.application|started multiprocessing interface on ('0.0.0.0', 8800)
INFO|2020-01-13 11:21:17,487|pysph.solver.application|Setup took: 9.25384 secs
INFO|2020-01-13 11:21:17,488|pysph.solver.solver|Writing output at time 0, iteration 0, dt = 3.24264e-05
INFO|2020-01-13 11:21:17,646|pysph.solver.solver|Writing output at time 0.00244819, iteration 100, dt = 3.24264e-05
INFO|2020-01-13 11:21:17,780|pysph.solver.solver|Writing output at time 0.00569084, iteration 200, dt = 3.24264e-05
INFO|2020-01-13 11:21:17,915|pysph.solver.solver|Writing output at time 0.00893348, iteration 300, dt = 3.24264e-05
INFO|2020-01-13 11:21:18,022|pysph.solver.solver|Writing output at time 0.0121761, iteration 400, dt = 3.24264e-05
INFO|2020-01-13 11:21:18,118|pysph.solver.solver|Writing output at time 0.0154188, iteration 500, dt = 3.24264e-05
INFO|2020-01-13 11:21:18,215|pysph.solver.solver|Writing output at time 0.0186614, iteration 600, dt = 3.24264e-05
INFO|2020-01-13 11:21:18,337|pysph.solver.solver|Writing output at time 0.021904, iteration 700, dt = 3.24264e-05
INFO|2020-01-13 11:21:18,453|pysph.solver.solver|Writing output at time 0.0251467, iteration 800, dt = 3.24264e-05
INFO|2020-01-13 11:21:18,560|pysph.solver.solver|Writing output at time 0.0283893, iteration 900, dt = 3.24264e-05
INFO|2020-01-13 11:21:18,676|pysph.solver.solver|Writing output at time 0.031632, iteration 1000, dt = 3.24264e-05
INFO|2020-01-13 11:21:18,787|pysph.solver.solver|Writing output at time 0.0348746, iteration 1100, dt = 3.24264e-05
INFO|2020-01-13 11:21:18,918|pysph.solver.solver|Writing output at time 0.0381172, iteration 1200, dt = 3.24264e-05
INFO|2020-01-13 11:21:19,031|pysph.solver.solver|Writing output at time 0.0413599, iteration 1300, dt = 3.24264e-05
INFO|2020-01-13 11:21:19,128|pysph.solver.solver|Writing output at time 0.0446025, iteration 1400, dt = 3.24264e-05
INFO|2020-01-13 11:21:19,224|pysph.solver.solver|Writing output at time 0.0478452, iteration 1500, dt = 3.24264e-05
INFO|2020-01-13 11:21:19,321|pysph.solver.solver|Writing output at time 0.0510878, iteration 1600, dt = 3.24264e-05
INFO|2020-01-13 11:21:19,461|pysph.solver.solver|Writing output at time 0.0543305, iteration 1700, dt = 3.24264e-05
INFO|2020-01-13 11:21:19,562|pysph.solver.solver|Writing output at time 0.0575731, iteration 1800, dt = 3.24264e-05
INFO|2020-01-13 11:21:19,660|pysph.solver.solver|Writing output at time 0.0608157, iteration 1900, dt = 3.24264e-05
INFO|2020-01-13 11:21:19,815|pysph.solver.solver|Writing output at time 0.0640584, iteration 2000, dt = 3.24264e-05
INFO|2020-01-13 11:21:19,951|pysph.solver.solver|Writing output at time 0.067301, iteration 2100, dt = 3.24264e-05
INFO|2020-01-13 11:21:20,067|pysph.solver.solver|Writing output at time 0.0705437, iteration 2200, dt = 3.24264e-05
INFO|2020-01-13 11:21:20,178|pysph.solver.solver|Writing output at time 0.0737863, iteration 2300, dt = 3.24264e-05
INFO|2020-01-13 11:21:20,293|pysph.solver.solver|Writing output at time 0.0770289, iteration 2400, dt = 3.24264e-05
INFO|2020-01-13 11:21:20,399|pysph.solver.solver|Writing output at time 0.0802716, iteration 2500, dt = 3.24264e-05
INFO|2020-01-13 11:21:20,509|pysph.solver.solver|Writing output at time 0.0835142, iteration 2600, dt = 3.24264e-05
INFO|2020-01-13 11:21:20,610|pysph.solver.solver|Writing output at time 0.0867569, iteration 2700, dt = 3.24264e-05
INFO|2020-01-13 11:21:20,728|pysph.solver.solver|Writing output at time 0.0899995, iteration 2800, dt = 3.24264e-05
INFO|2020-01-13 11:21:20,823|pysph.solver.solver|Writing output at time 0.0932421, iteration 2900, dt = 3.24264e-05
INFO|2020-01-13 11:21:20,954|pysph.solver.solver|Writing output at time 0.0964848, iteration 3000, dt = 3.24264e-05
INFO|2020-01-13 11:21:21,060|pysph.solver.solver|Writing output at time 0.0997274, iteration 3100, dt = 3.24264e-05
INFO|2020-01-13 11:21:21,162|pysph.solver.solver|Writing output at time 0.10297, iteration 3200, dt = 3.24264e-05
INFO|2020-01-13 11:21:21,284|pysph.solver.solver|Writing output at time 0.106213, iteration 3300, dt = 3.24264e-05
INFO|2020-01-13 11:21:21,379|pysph.solver.solver|Writing output at time 0.109455, iteration 3400, dt = 3.24264e-05
INFO|2020-01-13 11:21:21,480|pysph.solver.solver|Writing output at time 0.112698, iteration 3500, dt = 3.24264e-05
INFO|2020-01-13 11:21:21,578|pysph.solver.solver|Writing output at time 0.115941, iteration 3600, dt = 3.24264e-05
INFO|2020-01-13 11:21:21,715|pysph.solver.solver|Writing output at time 0.119183, iteration 3700, dt = 3.24264e-05
INFO|2020-01-13 11:21:21,809|pysph.solver.solver|Writing output at time 0.122426, iteration 3800, dt = 3.24264e-05
INFO|2020-01-13 11:21:21,931|pysph.solver.solver|Writing output at time 0.125669, iteration 3900, dt = 3.24264e-05
INFO|2020-01-13 11:21:22,058|pysph.solver.solver|Writing output at time 0.128911, iteration 4000, dt = 3.24264e-05
INFO|2020-01-13 11:21:22,151|pysph.solver.solver|Writing output at time 0.132154, iteration 4100, dt = 3.24264e-05
INFO|2020-01-13 11:21:22,244|pysph.solver.solver|Writing output at time 0.135396, iteration 4200, dt = 3.24264e-05
INFO|2020-01-13 11:21:22,338|pysph.solver.solver|Writing output at time 0.138639, iteration 4300, dt = 3.24264e-05
INFO|2020-01-13 11:21:22,454|pysph.solver.solver|Writing output at time 0.141882, iteration 4400, dt = 3.24264e-05
INFO|2020-01-13 11:21:22,577|pysph.solver.solver|Writing output at time 0.145124, iteration 4500, dt = 3.24264e-05
INFO|2020-01-13 11:21:22,688|pysph.solver.solver|Writing output at time 0.148367, iteration 4600, dt = 3.24264e-05
INFO|2020-01-13 11:21:22,795|pysph.solver.solver|Writing output at time 0.15161, iteration 4700, dt = 3.24264e-05
INFO|2020-01-13 11:21:22,927|pysph.solver.solver|Writing output at time 0.154852, iteration 4800, dt = 3.24264e-05
INFO|2020-01-13 11:21:23,053|pysph.solver.solver|Writing output at time 0.158095, iteration 4900, dt = 3.24264e-05
INFO|2020-01-13 11:21:23,166|pysph.solver.solver|Writing output at time 0.161338, iteration 5000, dt = 3.24264e-05
INFO|2020-01-13 11:21:23,265|pysph.solver.solver|Writing output at time 0.16458, iteration 5100, dt = 3.24264e-05
INFO|2020-01-13 11:21:23,381|pysph.solver.solver|Writing output at time 0.167823, iteration 5200, dt = 3.24264e-05
INFO|2020-01-13 11:21:23,480|pysph.solver.solver|Writing output at time 0.171066, iteration 5300, dt = 3.24264e-05
INFO|2020-01-13 11:21:23,577|pysph.solver.solver|Writing output at time 0.174308, iteration 5400, dt = 3.24264e-05
INFO|2020-01-13 11:21:23,690|pysph.solver.solver|Writing output at time 0.177551, iteration 5500, dt = 3.24264e-05
INFO|2020-01-13 11:21:23,783|pysph.solver.solver|Writing output at time 0.180793, iteration 5600, dt = 3.24264e-05
INFO|2020-01-13 11:21:23,882|pysph.solver.solver|Writing output at time 0.184036, iteration 5700, dt = 3.24264e-05
INFO|2020-01-13 11:21:24,017|pysph.solver.solver|Writing output at time 0.187279, iteration 5800, dt = 3.24264e-05
INFO|2020-01-13 11:21:24,115|pysph.solver.solver|Writing output at time 0.190521, iteration 5900, dt = 3.24264e-05
INFO|2020-01-13 11:21:24,213|pysph.solver.solver|Writing output at time 0.193764, iteration 6000, dt = 3.24264e-05
INFO|2020-01-13 11:21:24,310|pysph.solver.solver|Writing output at time 0.197007, iteration 6100, dt = 3.24264e-05
INFO|2020-01-13 11:21:24,435|pysph.solver.solver|Writing output at time 0.200249, iteration 6200, dt = 3.24264e-05
INFO|2020-01-13 11:21:24,549|pysph.solver.solver|Writing output at time 0.203492, iteration 6300, dt = 3.24264e-05
INFO|2020-01-13 11:21:24,643|pysph.solver.solver|Writing output at time 0.206735, iteration 6400, dt = 3.24264e-05
INFO|2020-01-13 11:21:24,744|pysph.solver.solver|Writing output at time 0.209977, iteration 6500, dt = 3.24264e-05
INFO|2020-01-13 11:21:24,857|pysph.solver.solver|Writing output at time 0.21322, iteration 6600, dt = 3.24264e-05
INFO|2020-01-13 11:21:25,000|pysph.solver.solver|Writing output at time 0.216463, iteration 6700, dt = 3.24264e-05
INFO|2020-01-13 11:21:25,118|pysph.solver.solver|Writing output at time 0.219705, iteration 6800, dt = 3.24264e-05
INFO|2020-01-13 11:21:25,211|pysph.solver.solver|Writing output at time 0.222948, iteration 6900, dt = 3.24264e-05
INFO|2020-01-13 11:21:25,305|pysph.solver.solver|Writing output at time 0.22619, iteration 7000, dt = 3.24264e-05
INFO|2020-01-13 11:21:25,430|pysph.solver.solver|Writing output at time 0.229433, iteration 7100, dt = 3.24264e-05
INFO|2020-01-13 11:21:25,556|pysph.solver.solver|Writing output at time 0.232676, iteration 7200, dt = 3.24264e-05
INFO|2020-01-13 11:21:25,676|pysph.solver.solver|Writing output at time 0.235918, iteration 7300, dt = 3.24264e-05
INFO|2020-01-13 11:21:25,788|pysph.solver.solver|Writing output at time 0.239161, iteration 7400, dt = 3.24264e-05
INFO|2020-01-13 11:21:25,915|pysph.solver.solver|Writing output at time 0.242404, iteration 7500, dt = 3.24264e-05
INFO|2020-01-13 11:21:26,025|pysph.solver.solver|Writing output at time 0.245646, iteration 7600, dt = 3.24264e-05
INFO|2020-01-13 11:21:26,119|pysph.solver.solver|Writing output at time 0.248889, iteration 7700, dt = 3.24264e-05
INFO|2020-01-13 11:21:26,232|pysph.solver.solver|Writing output at time 0.252132, iteration 7800, dt = 3.24264e-05
INFO|2020-01-13 11:21:26,347|pysph.solver.solver|Writing output at time 0.255374, iteration 7900, dt = 3.24264e-05
INFO|2020-01-13 11:21:26,486|pysph.solver.solver|Writing output at time 0.258617, iteration 8000, dt = 3.24264e-05
INFO|2020-01-13 11:21:26,590|pysph.solver.solver|Writing output at time 0.261859, iteration 8100, dt = 3.24264e-05
INFO|2020-01-13 11:21:26,689|pysph.solver.solver|Writing output at time 0.265102, iteration 8200, dt = 3.24264e-05
INFO|2020-01-13 11:21:26,786|pysph.solver.solver|Writing output at time 0.268345, iteration 8300, dt = 3.24264e-05
INFO|2020-01-13 11:21:26,889|pysph.solver.solver|Writing output at time 0.271587, iteration 8400, dt = 3.24264e-05
INFO|2020-01-13 11:21:27,012|pysph.solver.solver|Writing output at time 0.27483, iteration 8500, dt = 3.24264e-05
INFO|2020-01-13 11:21:27,109|pysph.solver.solver|Writing output at time 0.278073, iteration 8600, dt = 3.24264e-05
INFO|2020-01-13 11:21:27,203|pysph.solver.solver|Writing output at time 0.281315, iteration 8700, dt = 3.24264e-05
INFO|2020-01-13 11:21:27,325|pysph.solver.solver|Writing output at time 0.284558, iteration 8800, dt = 3.24264e-05
INFO|2020-01-13 11:21:27,482|pysph.solver.solver|Writing output at time 0.287801, iteration 8900, dt = 3.24264e-05
INFO|2020-01-13 11:21:27,598|pysph.solver.solver|Writing output at time 0.291043, iteration 9000, dt = 3.24264e-05
INFO|2020-01-13 11:21:27,725|pysph.solver.solver|Writing output at time 0.294286, iteration 9100, dt = 3.24264e-05
INFO|2020-01-13 11:21:27,832|pysph.solver.solver|Writing output at time 0.297529, iteration 9200, dt = 3.24264e-05
INFO|2020-01-13 11:21:27,968|pysph.solver.solver|Writing output at time 0.300771, iteration 9300, dt = 3.24264e-05
INFO|2020-01-13 11:21:28,075|pysph.solver.solver|Writing output at time 0.304014, iteration 9400, dt = 3.24264e-05
INFO|2020-01-13 11:21:28,173|pysph.solver.solver|Writing output at time 0.307256, iteration 9500, dt = 3.24264e-05
INFO|2020-01-13 11:21:28,272|pysph.solver.solver|Writing output at time 0.310499, iteration 9600, dt = 3.24264e-05
INFO|2020-01-13 11:21:28,380|pysph.solver.solver|Writing output at time 0.313742, iteration 9700, dt = 3.24264e-05
INFO|2020-01-13 11:21:28,532|pysph.solver.solver|Writing output at time 0.316984, iteration 9800, dt = 3.24264e-05
INFO|2020-01-13 11:21:29,032|pysph.solver.solver|Writing output at time 0.320227, iteration 9900, dt = 3.24264e-05
INFO|2020-01-13 11:21:31,488|pysph.solver.solver|Writing output at time 0.32347, iteration 10000, dt = 3.24264e-05
INFO|2020-01-13 11:21:31,599|pysph.solver.solver|Writing output at time 0.326712, iteration 10100, dt = 3.24264e-05
INFO|2020-01-13 11:21:31,698|pysph.solver.solver|Writing output at time 0.329955, iteration 10200, dt = 3.24264e-05
INFO|2020-01-13 11:21:31,791|pysph.solver.solver|Writing output at time 0.333198, iteration 10300, dt = 3.24264e-05
INFO|2020-01-13 11:21:31,884|pysph.solver.solver|Writing output at time 0.33644, iteration 10400, dt = 3.24264e-05
INFO|2020-01-13 11:21:32,042|pysph.solver.solver|Writing output at time 0.339683, iteration 10500, dt = 3.24264e-05
INFO|2020-01-13 11:21:32,218|pysph.solver.solver|Writing output at time 0.342926, iteration 10600, dt = 3.24264e-05
INFO|2020-01-13 11:21:32,388|pysph.solver.solver|Writing output at time 0.346168, iteration 10700, dt = 3.24264e-05
INFO|2020-01-13 11:21:32,533|pysph.solver.solver|Writing output at time 0.349411, iteration 10800, dt = 3.24264e-05
INFO|2020-01-13 11:21:32,629|pysph.solver.solver|Writing output at time 0.352653, iteration 10900, dt = 3.24264e-05
INFO|2020-01-13 11:21:32,738|pysph.solver.solver|Writing output at time 0.355896, iteration 11000, dt = 3.24264e-05
INFO|2020-01-13 11:21:32,831|pysph.solver.solver|Writing output at time 0.359139, iteration 11100, dt = 3.24264e-05
INFO|2020-01-13 11:21:32,956|pysph.solver.solver|Writing output at time 0.362381, iteration 11200, dt = 3.24264e-05
INFO|2020-01-13 11:21:33,098|pysph.solver.solver|Writing output at time 0.365624, iteration 11300, dt = 3.24264e-05
INFO|2020-01-13 11:21:33,194|pysph.solver.solver|Writing output at time 0.368867, iteration 11400, dt = 3.24264e-05
INFO|2020-01-13 11:21:33,290|pysph.solver.solver|Writing output at time 0.372109, iteration 11500, dt = 3.24264e-05
INFO|2020-01-13 11:21:33,384|pysph.solver.solver|Writing output at time 0.375352, iteration 11600, dt = 3.24264e-05
INFO|2020-01-13 11:21:33,517|pysph.solver.solver|Writing output at time 0.378595, iteration 11700, dt = 3.24264e-05
INFO|2020-01-13 11:21:33,621|pysph.solver.solver|Writing output at time 0.381837, iteration 11800, dt = 3.24264e-05
INFO|2020-01-13 11:21:33,726|pysph.solver.solver|Writing output at time 0.38508, iteration 11900, dt = 3.24264e-05
INFO|2020-01-13 11:21:33,820|pysph.solver.solver|Writing output at time 0.388322, iteration 12000, dt = 3.24264e-05
INFO|2020-01-13 11:21:33,945|pysph.solver.solver|Writing output at time 0.391565, iteration 12100, dt = 3.24264e-05
INFO|2020-01-13 11:21:34,063|pysph.solver.solver|Writing output at time 0.394808, iteration 12200, dt = 3.24264e-05
INFO|2020-01-13 11:21:34,160|pysph.solver.solver|Writing output at time 0.39805, iteration 12300, dt = 3.24264e-05
INFO|2020-01-13 11:21:34,255|pysph.solver.solver|Writing output at time 0.401293, iteration 12400, dt = 3.24264e-05
INFO|2020-01-13 11:21:34,353|pysph.solver.solver|Writing output at time 0.404536, iteration 12500, dt = 3.24264e-05
INFO|2020-01-13 11:21:34,502|pysph.solver.solver|Writing output at time 0.407778, iteration 12600, dt = 3.24264e-05
INFO|2020-01-13 11:21:34,598|pysph.solver.solver|Writing output at time 0.411021, iteration 12700, dt = 3.24264e-05
INFO|2020-01-13 11:21:34,707|pysph.solver.solver|Writing output at time 0.414264, iteration 12800, dt = 3.24264e-05
INFO|2020-01-13 11:21:34,800|pysph.solver.solver|Writing output at time 0.417506, iteration 12900, dt = 3.24264e-05
INFO|2020-01-13 11:21:34,898|pysph.solver.solver|Writing output at time 0.420749, iteration 13000, dt = 3.24264e-05
INFO|2020-01-13 11:21:35,015|pysph.solver.solver|Writing output at time 0.423992, iteration 13100, dt = 3.24264e-05
INFO|2020-01-13 11:21:35,114|pysph.solver.solver|Writing output at time 0.427234, iteration 13200, dt = 3.24264e-05
INFO|2020-01-13 11:21:35,208|pysph.solver.solver|Writing output at time 0.430477, iteration 13300, dt = 3.24264e-05
INFO|2020-01-13 11:21:35,301|pysph.solver.solver|Writing output at time 0.433719, iteration 13400, dt = 3.24264e-05
INFO|2020-01-13 11:21:35,397|pysph.solver.solver|Writing output at time 0.436962, iteration 13500, dt = 3.24264e-05
INFO|2020-01-13 11:21:35,532|pysph.solver.solver|Writing output at time 0.440205, iteration 13600, dt = 3.24264e-05
INFO|2020-01-13 11:21:35,632|pysph.solver.solver|Writing output at time 0.443447, iteration 13700, dt = 3.24264e-05
INFO|2020-01-13 11:21:35,729|pysph.solver.solver|Writing output at time 0.44669, iteration 13800, dt = 3.24264e-05
INFO|2020-01-13 11:21:35,834|pysph.solver.solver|Writing output at time 0.449933, iteration 13900, dt = 3.24264e-05
INFO|2020-01-13 11:21:35,980|pysph.solver.solver|Writing output at time 0.453175, iteration 14000, dt = 3.24264e-05
INFO|2020-01-13 11:21:36,140|pysph.solver.solver|Writing output at time 0.456418, iteration 14100, dt = 3.24264e-05
INFO|2020-01-13 11:21:36,343|pysph.solver.solver|Writing output at time 0.459661, iteration 14200, dt = 3.24264e-05
INFO|2020-01-13 11:21:36,608|pysph.solver.solver|Writing output at time 0.462903, iteration 14300, dt = 3.24264e-05
INFO|2020-01-13 11:21:36,775|pysph.solver.solver|Writing output at time 0.466146, iteration 14400, dt = 3.24264e-05
INFO|2020-01-13 11:21:36,911|pysph.solver.solver|Writing output at time 0.469389, iteration 14500, dt = 3.24264e-05
INFO|2020-01-13 11:21:37,030|pysph.solver.solver|Writing output at time 0.472631, iteration 14600, dt = 3.24264e-05
INFO|2020-01-13 11:21:37,128|pysph.solver.solver|Writing output at time 0.475874, iteration 14700, dt = 3.24264e-05
INFO|2020-01-13 11:21:37,222|pysph.solver.solver|Writing output at time 0.479116, iteration 14800, dt = 3.24264e-05
INFO|2020-01-13 11:21:37,323|pysph.solver.solver|Writing output at time 0.482359, iteration 14900, dt = 3.24264e-05
INFO|2020-01-13 11:21:37,453|pysph.solver.solver|Writing output at time 0.485602, iteration 15000, dt = 3.24264e-05
INFO|2020-01-13 11:21:37,552|pysph.solver.solver|Writing output at time 0.488844, iteration 15100, dt = 3.24264e-05
INFO|2020-01-13 11:21:37,647|pysph.solver.solver|Writing output at time 0.492087, iteration 15200, dt = 3.24264e-05
INFO|2020-01-13 11:21:37,747|pysph.solver.solver|Writing output at time 0.49533, iteration 15300, dt = 3.24264e-05
INFO|2020-01-13 11:21:37,864|pysph.solver.solver|Writing output at time 0.498572, iteration 15400, dt = 3.24264e-05
INFO|2020-01-13 11:21:38,001|pysph.solver.solver|Writing output at time 0.501815, iteration 15500, dt = 3.24264e-05
INFO|2020-01-13 11:21:38,116|pysph.solver.solver|Writing output at time 0.505058, iteration 15600, dt = 3.24264e-05
INFO|2020-01-13 11:21:38,236|pysph.solver.solver|Writing output at time 0.5083, iteration 15700, dt = 3.24264e-05
INFO|2020-01-13 11:21:38,334|pysph.solver.solver|Writing output at time 0.511543, iteration 15800, dt = 3.24264e-05
INFO|2020-01-13 11:21:38,460|pysph.solver.solver|Writing output at time 0.514785, iteration 15900, dt = 3.24264e-05
INFO|2020-01-13 11:21:38,620|pysph.solver.solver|Writing output at time 0.518028, iteration 16000, dt = 3.24264e-05
INFO|2020-01-13 11:21:38,719|pysph.solver.solver|Writing output at time 0.521271, iteration 16100, dt = 3.24264e-05
INFO|2020-01-13 11:21:38,827|pysph.solver.solver|Writing output at time 0.524513, iteration 16200, dt = 3.24264e-05
INFO|2020-01-13 11:21:38,965|pysph.solver.solver|Writing output at time 0.527756, iteration 16300, dt = 3.24264e-05
INFO|2020-01-13 11:21:39,067|pysph.solver.solver|Writing output at time 0.530999, iteration 16400, dt = 3.24264e-05
INFO|2020-01-13 11:21:39,162|pysph.solver.solver|Writing output at time 0.534241, iteration 16500, dt = 3.24264e-05
INFO|2020-01-13 11:21:39,256|pysph.solver.solver|Writing output at time 0.537484, iteration 16600, dt = 3.24264e-05
INFO|2020-01-13 11:21:39,352|pysph.solver.solver|Writing output at time 0.540727, iteration 16700, dt = 3.24264e-05
INFO|2020-01-13 11:21:39,480|pysph.solver.solver|Writing output at time 0.543969, iteration 16800, dt = 3.24264e-05
INFO|2020-01-13 11:21:39,579|pysph.solver.solver|Writing output at time 0.547212, iteration 16900, dt = 3.24264e-05
INFO|2020-01-13 11:21:39,685|pysph.solver.solver|Writing output at time 0.550455, iteration 17000, dt = 3.24264e-05
INFO|2020-01-13 11:21:39,779|pysph.solver.solver|Writing output at time 0.553697, iteration 17100, dt = 3.24264e-05
INFO|2020-01-13 11:21:39,872|pysph.solver.solver|Writing output at time 0.55694, iteration 17200, dt = 3.24264e-05
INFO|2020-01-13 11:21:40,006|pysph.solver.solver|Writing output at time 0.560182, iteration 17300, dt = 3.24264e-05
INFO|2020-01-13 11:21:40,105|pysph.solver.solver|Writing output at time 0.563425, iteration 17400, dt = 3.24264e-05
INFO|2020-01-13 11:21:40,200|pysph.solver.solver|Writing output at time 0.566668, iteration 17500, dt = 3.24264e-05
INFO|2020-01-13 11:21:40,293|pysph.solver.solver|Writing output at time 0.56991, iteration 17600, dt = 3.24264e-05
INFO|2020-01-13 11:21:40,388|pysph.solver.solver|Writing output at time 0.573153, iteration 17700, dt = 3.24264e-05
INFO|2020-01-13 11:21:40,503|pysph.solver.solver|Writing output at time 0.576396, iteration 17800, dt = 3.24264e-05
INFO|2020-01-13 11:21:40,611|pysph.solver.solver|Writing output at time 0.579638, iteration 17900, dt = 3.24264e-05
INFO|2020-01-13 11:21:40,705|pysph.solver.solver|Writing output at time 0.582881, iteration 18000, dt = 3.24264e-05
INFO|2020-01-13 11:21:40,819|pysph.solver.solver|Writing output at time 0.586124, iteration 18100, dt = 3.24264e-05
INFO|2020-01-13 11:21:40,962|pysph.solver.solver|Writing output at time 0.589366, iteration 18200, dt = 3.24264e-05
INFO|2020-01-13 11:21:41,085|pysph.solver.solver|Writing output at time 0.592609, iteration 18300, dt = 3.24264e-05
INFO|2020-01-13 11:21:41,187|pysph.solver.solver|Writing output at time 0.595852, iteration 18400, dt = 3.24264e-05
INFO|2020-01-13 11:21:41,280|pysph.solver.solver|Writing output at time 0.599094, iteration 18500, dt = 3.24264e-05
INFO|2020-01-13 11:21:41,374|pysph.solver.solver|Writing output at time 0.602337, iteration 18600, dt = 3.24264e-05
INFO|2020-01-13 11:21:41,528|pysph.solver.solver|Writing output at time 0.605579, iteration 18700, dt = 3.24264e-05
INFO|2020-01-13 11:21:41,622|pysph.solver.solver|Writing output at time 0.608822, iteration 18800, dt = 3.24264e-05
INFO|2020-01-13 11:21:41,725|pysph.solver.solver|Writing output at time 0.612065, iteration 18900, dt = 3.24264e-05
INFO|2020-01-13 11:21:41,822|pysph.solver.solver|Writing output at time 0.615307, iteration 19000, dt = 3.24264e-05
INFO|2020-01-13 11:21:41,915|pysph.solver.solver|Writing output at time 0.61855, iteration 19100, dt = 3.24264e-05
INFO|2020-01-13 11:21:42,035|pysph.solver.solver|Writing output at time 0.621793, iteration 19200, dt = 3.24264e-05
INFO|2020-01-13 11:21:42,128|pysph.solver.solver|Writing output at time 0.625035, iteration 19300, dt = 3.24264e-05
INFO|2020-01-13 11:21:42,223|pysph.solver.solver|Writing output at time 0.628278, iteration 19400, dt = 3.24264e-05
INFO|2020-01-13 11:21:42,319|pysph.solver.solver|Writing output at time 0.631521, iteration 19500, dt = 3.24264e-05
INFO|2020-01-13 11:21:42,413|pysph.solver.solver|Writing output at time 0.634763, iteration 19600, dt = 3.24264e-05
INFO|2020-01-13 11:21:42,541|pysph.solver.solver|Writing output at time 0.638006, iteration 19700, dt = 3.24264e-05
INFO|2020-01-13 11:21:42,645|pysph.solver.solver|Writing output at time 0.641248, iteration 19800, dt = 3.24264e-05
INFO|2020-01-13 11:21:42,743|pysph.solver.solver|Writing output at time 0.644491, iteration 19900, dt = 3.24264e-05
INFO|2020-01-13 11:21:42,843|pysph.solver.solver|Writing output at time 0.647734, iteration 20000, dt = 3.24264e-05
INFO|2020-01-13 11:21:42,972|pysph.solver.solver|Writing output at time 0.650976, iteration 20100, dt = 3.24264e-05
INFO|2020-01-13 11:21:43,089|pysph.solver.solver|Writing output at time 0.654219, iteration 20200, dt = 3.24264e-05
INFO|2020-01-13 11:21:43,206|pysph.solver.solver|Writing output at time 0.657462, iteration 20300, dt = 3.24264e-05
INFO|2020-01-13 11:21:43,301|pysph.solver.solver|Writing output at time 0.660704, iteration 20400, dt = 3.24264e-05
INFO|2020-01-13 11:21:43,395|pysph.solver.solver|Writing output at time 0.663947, iteration 20500, dt = 3.24264e-05
INFO|2020-01-13 11:21:43,508|pysph.solver.solver|Writing output at time 0.66719, iteration 20600, dt = 3.24264e-05
INFO|2020-01-13 11:21:43,638|pysph.solver.solver|Writing output at time 0.670432, iteration 20700, dt = 3.24264e-05
INFO|2020-01-13 11:21:43,735|pysph.solver.solver|Writing output at time 0.673675, iteration 20800, dt = 3.24264e-05
INFO|2020-01-13 11:21:43,838|pysph.solver.solver|Writing output at time 0.676918, iteration 20900, dt = 3.24264e-05
INFO|2020-01-13 11:21:43,964|pysph.solver.solver|Writing output at time 0.68016, iteration 21000, dt = 3.24264e-05
INFO|2020-01-13 11:21:44,067|pysph.solver.solver|Writing output at time 0.683403, iteration 21100, dt = 3.24264e-05
INFO|2020-01-13 11:21:44,163|pysph.solver.solver|Writing output at time 0.686645, iteration 21200, dt = 3.24264e-05
INFO|2020-01-13 11:21:44,258|pysph.solver.solver|Writing output at time 0.689888, iteration 21300, dt = 3.24264e-05
INFO|2020-01-13 11:21:44,357|pysph.solver.solver|Writing output at time 0.693131, iteration 21400, dt = 3.24264e-05
INFO|2020-01-13 11:21:44,502|pysph.solver.solver|Writing output at time 0.696373, iteration 21500, dt = 3.24264e-05
INFO|2020-01-13 11:21:44,626|pysph.solver.solver|Writing output at time 0.699616, iteration 21600, dt = 3.24264e-05
INFO|2020-01-13 11:21:44,721|pysph.solver.solver|Writing output at time 0.702859, iteration 21700, dt = 3.24264e-05
INFO|2020-01-13 11:21:44,818|pysph.solver.solver|Writing output at time 0.706101, iteration 21800, dt = 3.24264e-05
INFO|2020-01-13 11:21:44,912|pysph.solver.solver|Writing output at time 0.709344, iteration 21900, dt = 3.24264e-05
INFO|2020-01-13 11:21:45,023|pysph.solver.solver|Writing output at time 0.712587, iteration 22000, dt = 3.24264e-05
INFO|2020-01-13 11:21:45,122|pysph.solver.solver|Writing output at time 0.715829, iteration 22100, dt = 3.24264e-05
INFO|2020-01-13 11:21:45,217|pysph.solver.solver|Writing output at time 0.719072, iteration 22200, dt = 3.24264e-05
INFO|2020-01-13 11:21:45,326|pysph.solver.solver|Writing output at time 0.722315, iteration 22300, dt = 3.24264e-05
INFO|2020-01-13 11:21:45,419|pysph.solver.solver|Writing output at time 0.725557, iteration 22400, dt = 3.24264e-05
INFO|2020-01-13 11:21:45,559|pysph.solver.solver|Writing output at time 0.7288, iteration 22500, dt = 3.24264e-05
INFO|2020-01-13 11:21:45,669|pysph.solver.solver|Writing output at time 0.732042, iteration 22600, dt = 3.24264e-05
INFO|2020-01-13 11:21:45,763|pysph.solver.solver|Writing output at time 0.735285, iteration 22700, dt = 3.24264e-05
INFO|2020-01-13 11:21:45,857|pysph.solver.solver|Writing output at time 0.738528, iteration 22800, dt = 3.24264e-05
INFO|2020-01-13 11:21:45,985|pysph.solver.solver|Writing output at time 0.74177, iteration 22900, dt = 3.24264e-05
INFO|2020-01-13 11:21:46,086|pysph.solver.solver|Writing output at time 0.745013, iteration 23000, dt = 3.24264e-05
INFO|2020-01-13 11:21:46,355|pysph.solver.solver|Writing output at time 0.748256, iteration 23100, dt = 3.24264e-05
INFO|2020-01-13 11:21:46,841|pysph.solver.solver|Writing output at time 0.751498, iteration 23200, dt = 3.24264e-05
INFO|2020-01-13 11:21:49,231|pysph.solver.solver|Writing output at time 0.754741, iteration 23300, dt = 3.24264e-05
INFO|2020-01-13 11:21:49,393|pysph.solver.solver|Writing output at time 0.757984, iteration 23400, dt = 3.24264e-05
INFO|2020-01-13 11:21:49,509|pysph.solver.solver|Writing output at time 0.761226, iteration 23500, dt = 3.24264e-05
INFO|2020-01-13 11:21:49,614|pysph.solver.solver|Writing output at time 0.764469, iteration 23600, dt = 3.24264e-05
INFO|2020-01-13 11:21:49,718|pysph.solver.solver|Writing output at time 0.767711, iteration 23700, dt = 3.24264e-05
INFO|2020-01-13 11:21:49,817|pysph.solver.solver|Writing output at time 0.770954, iteration 23800, dt = 3.24264e-05
INFO|2020-01-13 11:21:49,910|pysph.solver.solver|Writing output at time 0.774197, iteration 23900, dt = 3.24264e-05
INFO|2020-01-13 11:21:50,023|pysph.solver.solver|Writing output at time 0.777439, iteration 24000, dt = 3.24264e-05
INFO|2020-01-13 11:21:50,119|pysph.solver.solver|Writing output at time 0.780682, iteration 24100, dt = 3.24264e-05
INFO|2020-01-13 11:21:50,216|pysph.solver.solver|Writing output at time 0.783925, iteration 24200, dt = 3.24264e-05
INFO|2020-01-13 11:21:50,327|pysph.solver.solver|Writing output at time 0.787167, iteration 24300, dt = 3.24264e-05
INFO|2020-01-13 11:21:50,436|pysph.solver.solver|Writing output at time 0.79041, iteration 24400, dt = 3.24264e-05
INFO|2020-01-13 11:21:50,559|pysph.solver.solver|Writing output at time 0.793653, iteration 24500, dt = 3.24264e-05
INFO|2020-01-13 11:21:50,667|pysph.solver.solver|Writing output at time 0.796895, iteration 24600, dt = 3.24264e-05
INFO|2020-01-13 11:21:50,825|pysph.solver.solver|Writing output at time 0.800138, iteration 24700, dt = 3.24264e-05
INFO|2020-01-13 11:21:50,927|pysph.solver.solver|Writing output at time 0.803381, iteration 24800, dt = 3.24264e-05
INFO|2020-01-13 11:21:51,049|pysph.solver.solver|Writing output at time 0.806623, iteration 24900, dt = 3.24264e-05
INFO|2020-01-13 11:21:51,188|pysph.solver.solver|Writing output at time 0.809866, iteration 25000, dt = 3.24264e-05
INFO|2020-01-13 11:21:51,304|pysph.solver.solver|Writing output at time 0.813108, iteration 25100, dt = 3.24264e-05
INFO|2020-01-13 11:21:51,413|pysph.solver.solver|Writing output at time 0.816351, iteration 25200, dt = 3.24264e-05
INFO|2020-01-13 11:21:51,586|pysph.solver.solver|Writing output at time 0.819594, iteration 25300, dt = 3.24264e-05
INFO|2020-01-13 11:21:51,681|pysph.solver.solver|Writing output at time 0.822836, iteration 25400, dt = 3.24264e-05
INFO|2020-01-13 11:21:51,801|pysph.solver.solver|Writing output at time 0.826079, iteration 25500, dt = 3.24264e-05
INFO|2020-01-13 11:21:51,896|pysph.solver.solver|Writing output at time 0.829322, iteration 25600, dt = 3.24264e-05
INFO|2020-01-13 11:21:52,020|pysph.solver.solver|Writing output at time 0.832564, iteration 25700, dt = 3.24264e-05
INFO|2020-01-13 11:21:52,164|pysph.solver.solver|Writing output at time 0.835807, iteration 25800, dt = 3.24264e-05
INFO|2020-01-13 11:21:52,265|pysph.solver.solver|Writing output at time 0.83905, iteration 25900, dt = 3.24264e-05
INFO|2020-01-13 11:21:52,398|pysph.solver.solver|Writing output at time 0.842292, iteration 26000, dt = 3.24264e-05
INFO|2020-01-13 11:21:52,562|pysph.solver.solver|Writing output at time 0.845535, iteration 26100, dt = 3.24264e-05
INFO|2020-01-13 11:21:52,659|pysph.solver.solver|Writing output at time 0.848778, iteration 26200, dt = 3.24264e-05
INFO|2020-01-13 11:21:52,815|pysph.solver.solver|Writing output at time 0.85202, iteration 26300, dt = 3.24264e-05
INFO|2020-01-13 11:21:52,907|pysph.solver.solver|Writing output at time 0.855263, iteration 26400, dt = 3.24264e-05
INFO|2020-01-13 11:21:53,025|pysph.solver.solver|Writing output at time 0.858505, iteration 26500, dt = 3.24264e-05
INFO|2020-01-13 11:21:53,185|pysph.solver.solver|Writing output at time 0.861748, iteration 26600, dt = 3.24264e-05
INFO|2020-01-13 11:21:53,287|pysph.solver.solver|Writing output at time 0.864991, iteration 26700, dt = 3.24264e-05
INFO|2020-01-13 11:21:53,414|pysph.solver.solver|Writing output at time 0.868233, iteration 26800, dt = 3.24264e-05
INFO|2020-01-13 11:21:53,573|pysph.solver.solver|Writing output at time 0.871476, iteration 26900, dt = 3.24264e-05
INFO|2020-01-13 11:21:53,672|pysph.solver.solver|Writing output at time 0.874719, iteration 27000, dt = 3.24264e-05
INFO|2020-01-13 11:21:53,806|pysph.solver.solver|Writing output at time 0.877961, iteration 27100, dt = 3.24264e-05
INFO|2020-01-13 11:21:53,901|pysph.solver.solver|Writing output at time 0.881204, iteration 27200, dt = 3.24264e-05
INFO|2020-01-13 11:21:54,030|pysph.solver.solver|Writing output at time 0.884447, iteration 27300, dt = 3.24264e-05
INFO|2020-01-13 11:21:54,174|pysph.solver.solver|Writing output at time 0.887689, iteration 27400, dt = 3.24264e-05
INFO|2020-01-13 11:21:54,395|pysph.solver.solver|Writing output at time 0.890932, iteration 27500, dt = 3.24264e-05
INFO|2020-01-13 11:21:54,562|pysph.solver.solver|Writing output at time 0.894174, iteration 27600, dt = 3.24264e-05
INFO|2020-01-13 11:21:54,669|pysph.solver.solver|Writing output at time 0.897417, iteration 27700, dt = 3.24264e-05
INFO|2020-01-13 11:21:54,809|pysph.solver.solver|Writing output at time 0.90066, iteration 27800, dt = 3.24264e-05
INFO|2020-01-13 11:21:54,903|pysph.solver.solver|Writing output at time 0.903902, iteration 27900, dt = 3.24264e-05
INFO|2020-01-13 11:21:55,025|pysph.solver.solver|Writing output at time 0.907145, iteration 28000, dt = 3.24264e-05
INFO|2020-01-13 11:21:55,168|pysph.solver.solver|Writing output at time 0.910388, iteration 28100, dt = 3.24264e-05
INFO|2020-01-13 11:21:55,273|pysph.solver.solver|Writing output at time 0.91363, iteration 28200, dt = 3.24264e-05
INFO|2020-01-13 11:21:55,399|pysph.solver.solver|Writing output at time 0.916873, iteration 28300, dt = 3.24264e-05
INFO|2020-01-13 11:21:55,599|pysph.solver.solver|Writing output at time 0.920116, iteration 28400, dt = 3.24264e-05
INFO|2020-01-13 11:21:55,699|pysph.solver.solver|Writing output at time 0.923358, iteration 28500, dt = 3.24264e-05
INFO|2020-01-13 11:21:55,802|pysph.solver.solver|Writing output at time 0.926601, iteration 28600, dt = 3.24264e-05
INFO|2020-01-13 11:21:55,906|pysph.solver.solver|Writing output at time 0.929844, iteration 28700, dt = 3.24264e-05
INFO|2020-01-13 11:21:56,026|pysph.solver.solver|Writing output at time 0.933086, iteration 28800, dt = 3.24264e-05
INFO|2020-01-13 11:21:56,167|pysph.solver.solver|Writing output at time 0.936329, iteration 28900, dt = 3.24264e-05
INFO|2020-01-13 11:21:56,278|pysph.solver.solver|Writing output at time 0.939571, iteration 29000, dt = 3.24264e-05
INFO|2020-01-13 11:21:56,405|pysph.solver.solver|Writing output at time 0.942814, iteration 29100, dt = 3.24264e-05
INFO|2020-01-13 11:21:56,582|pysph.solver.solver|Writing output at time 0.946057, iteration 29200, dt = 3.24264e-05
INFO|2020-01-13 11:21:56,684|pysph.solver.solver|Writing output at time 0.949299, iteration 29300, dt = 3.24264e-05
INFO|2020-01-13 11:21:56,835|pysph.solver.solver|Writing output at time 0.952542, iteration 29400, dt = 3.24264e-05
INFO|2020-01-13 11:21:57,010|pysph.solver.solver|Writing output at time 0.955785, iteration 29500, dt = 3.24264e-05
INFO|2020-01-13 11:21:57,108|pysph.solver.solver|Writing output at time 0.959027, iteration 29600, dt = 3.24264e-05
INFO|2020-01-13 11:21:57,209|pysph.solver.solver|Writing output at time 0.96227, iteration 29700, dt = 3.24264e-05
INFO|2020-01-13 11:21:57,301|pysph.solver.solver|Writing output at time 0.965513, iteration 29800, dt = 3.24264e-05
INFO|2020-01-13 11:21:57,418|pysph.solver.solver|Writing output at time 0.968755, iteration 29900, dt = 3.24264e-05
INFO|2020-01-13 11:21:57,589|pysph.solver.solver|Writing output at time 0.971998, iteration 30000, dt = 3.24264e-05
INFO|2020-01-13 11:21:58,003|pysph.solver.solver|Writing output at time 0.975241, iteration 30100, dt = 3.24264e-05
INFO|2020-01-13 11:21:58,355|pysph.solver.solver|Writing output at time 0.978483, iteration 30200, dt = 3.24264e-05
INFO|2020-01-13 11:21:59,306|pysph.solver.solver|Writing output at time 0.981726, iteration 30300, dt = 3.24264e-05
INFO|2020-01-13 11:21:59,783|pysph.solver.solver|Writing output at time 0.984968, iteration 30400, dt = 3.24264e-05
INFO|2020-01-13 11:22:00,336|pysph.solver.solver|Writing output at time 0.988211, iteration 30500, dt = 3.24264e-05
INFO|2020-01-13 11:22:00,705|pysph.solver.solver|Writing output at time 0.991454, iteration 30600, dt = 3.24264e-05
INFO|2020-01-13 11:22:01,306|pysph.solver.solver|Writing output at time 0.994696, iteration 30700, dt = 3.24264e-05
INFO|2020-01-13 11:22:02,225|pysph.solver.solver|Writing output at time 0.997939, iteration 30800, dt = 3.24264e-05
INFO|2020-01-13 11:22:02,743|pysph.solver.solver|Writing output at time 1.00118, iteration 30900, dt = 3.24264e-05
INFO|2020-01-13 11:22:04,402|pysph.solver.solver|Writing output at time 1.00442, iteration 31000, dt = 3.24264e-05
INFO|2020-01-13 11:22:04,831|pysph.solver.solver|Writing output at time 1.00767, iteration 31100, dt = 3.24264e-05
INFO|2020-01-13 11:22:05,423|pysph.solver.solver|Writing output at time 1.01091, iteration 31200, dt = 3.24264e-05
INFO|2020-01-13 11:22:06,147|pysph.solver.solver|Writing output at time 1.01415, iteration 31300, dt = 3.24264e-05
INFO|2020-01-13 11:22:06,545|pysph.solver.solver|Writing output at time 1.01739, iteration 31400, dt = 3.24264e-05
INFO|2020-01-13 11:22:06,981|pysph.solver.solver|Writing output at time 1.02064, iteration 31500, dt = 3.24264e-05
INFO|2020-01-13 11:22:07,632|pysph.solver.solver|Writing output at time 1.02388, iteration 31600, dt = 3.24264e-05
INFO|2020-01-13 11:22:07,744|pysph.solver.solver|Writing output at time 1.02712, iteration 31700, dt = 3.24264e-05
INFO|2020-01-13 11:22:07,838|pysph.solver.solver|Writing output at time 1.03037, iteration 31800, dt = 3.24264e-05
INFO|2020-01-13 11:22:07,938|pysph.solver.solver|Writing output at time 1.03361, iteration 31900, dt = 3.24264e-05
INFO|2020-01-13 11:22:08,055|pysph.solver.solver|Writing output at time 1.03685, iteration 32000, dt = 3.24264e-05
INFO|2020-01-13 11:22:08,147|pysph.solver.solver|Writing output at time 1.04009, iteration 32100, dt = 3.24264e-05
INFO|2020-01-13 11:22:08,240|pysph.solver.solver|Writing output at time 1.04334, iteration 32200, dt = 3.24264e-05
INFO|2020-01-13 11:22:08,334|pysph.solver.solver|Writing output at time 1.04658, iteration 32300, dt = 3.24264e-05
INFO|2020-01-13 11:22:08,427|pysph.solver.solver|Writing output at time 1.04982, iteration 32400, dt = 3.24264e-05
INFO|2020-01-13 11:22:08,551|pysph.solver.solver|Writing output at time 1.05306, iteration 32500, dt = 3.24264e-05
INFO|2020-01-13 11:22:08,645|pysph.solver.solver|Writing output at time 1.05631, iteration 32600, dt = 3.24264e-05
INFO|2020-01-13 11:22:08,748|pysph.solver.solver|Writing output at time 1.05955, iteration 32700, dt = 3.24264e-05
INFO|2020-01-13 11:22:08,842|pysph.solver.solver|Writing output at time 1.06279, iteration 32800, dt = 3.24264e-05
INFO|2020-01-13 11:22:08,943|pysph.solver.solver|Writing output at time 1.06603, iteration 32900, dt = 3.24264e-05
INFO|2020-01-13 11:22:09,053|pysph.solver.solver|Writing output at time 1.06928, iteration 33000, dt = 3.24264e-05
INFO|2020-01-13 11:22:09,155|pysph.solver.solver|Writing output at time 1.07252, iteration 33100, dt = 3.24264e-05
INFO|2020-01-13 11:22:09,341|pysph.solver.solver|Writing output at time 1.07576, iteration 33200, dt = 3.24264e-05
INFO|2020-01-13 11:22:09,929|pysph.solver.solver|Writing output at time 1.07901, iteration 33300, dt = 3.24264e-05
INFO|2020-01-13 11:22:10,569|pysph.solver.solver|Writing output at time 1.08225, iteration 33400, dt = 3.24264e-05
INFO|2020-01-13 11:22:11,212|pysph.solver.solver|Writing output at time 1.08549, iteration 33500, dt = 3.24264e-05
INFO|2020-01-13 11:22:12,130|pysph.solver.solver|Writing output at time 1.08873, iteration 33600, dt = 3.24264e-05
INFO|2020-01-13 11:22:13,414|pysph.solver.solver|Writing output at time 1.09198, iteration 33700, dt = 3.24264e-05
INFO|2020-01-13 11:22:14,112|pysph.solver.solver|Writing output at time 1.09522, iteration 33800, dt = 3.24264e-05
INFO|2020-01-13 11:22:14,386|pysph.solver.solver|Writing output at time 1.09846, iteration 33900, dt = 3.24264e-05
INFO|2020-01-13 11:22:14,483|pysph.solver.solver|Writing output at time 1.1017, iteration 34000, dt = 3.24264e-05
INFO|2020-01-13 11:22:14,590|pysph.solver.solver|Writing output at time 1.10495, iteration 34100, dt = 3.24264e-05
INFO|2020-01-13 11:22:14,690|pysph.solver.solver|Writing output at time 1.10819, iteration 34200, dt = 3.24264e-05
INFO|2020-01-13 11:22:14,785|pysph.solver.solver|Writing output at time 1.11143, iteration 34300, dt = 3.24264e-05
INFO|2020-01-13 11:22:14,880|pysph.solver.solver|Writing output at time 1.11467, iteration 34400, dt = 3.24264e-05
INFO|2020-01-13 11:22:14,984|pysph.solver.solver|Writing output at time 1.11792, iteration 34500, dt = 3.24264e-05
INFO|2020-01-13 11:22:15,101|pysph.solver.solver|Writing output at time 1.12116, iteration 34600, dt = 3.24264e-05
INFO|2020-01-13 11:22:15,194|pysph.solver.solver|Writing output at time 1.1244, iteration 34700, dt = 3.24264e-05
INFO|2020-01-13 11:22:15,287|pysph.solver.solver|Writing output at time 1.12764, iteration 34800, dt = 3.24264e-05
INFO|2020-01-13 11:22:15,384|pysph.solver.solver|Writing output at time 1.13089, iteration 34900, dt = 3.24264e-05
INFO|2020-01-13 11:22:15,734|pysph.solver.solver|Writing output at time 1.13413, iteration 35000, dt = 3.24264e-05
INFO|2020-01-13 11:22:16,128|pysph.solver.solver|Writing output at time 1.13737, iteration 35100, dt = 3.24264e-05
INFO|2020-01-13 11:22:16,512|pysph.solver.solver|Writing output at time 1.14062, iteration 35200, dt = 3.24264e-05
INFO|2020-01-13 11:22:16,609|pysph.solver.solver|Writing output at time 1.14386, iteration 35300, dt = 3.24264e-05
INFO|2020-01-13 11:22:16,712|pysph.solver.solver|Writing output at time 1.1471, iteration 35400, dt = 3.24264e-05
INFO|2020-01-13 11:22:16,803|pysph.solver.solver|Writing output at time 1.15034, iteration 35500, dt = 3.24264e-05
INFO|2020-01-13 11:22:16,895|pysph.solver.solver|Writing output at time 1.15359, iteration 35600, dt = 3.24264e-05
INFO|2020-01-13 11:22:17,027|pysph.solver.solver|Writing output at time 1.15683, iteration 35700, dt = 3.24264e-05
INFO|2020-01-13 11:22:17,126|pysph.solver.solver|Writing output at time 1.16007, iteration 35800, dt = 3.24264e-05
INFO|2020-01-13 11:22:17,222|pysph.solver.solver|Writing output at time 1.16331, iteration 35900, dt = 3.24264e-05
INFO|2020-01-13 11:22:17,404|pysph.solver.solver|Writing output at time 1.16656, iteration 36000, dt = 3.24264e-05
INFO|2020-01-13 11:22:17,895|pysph.solver.solver|Writing output at time 1.1698, iteration 36100, dt = 3.24264e-05
INFO|2020-01-13 11:22:18,009|pysph.solver.solver|Writing output at time 1.17304, iteration 36200, dt = 3.24264e-05
INFO|2020-01-13 11:22:18,106|pysph.solver.solver|Writing output at time 1.17628, iteration 36300, dt = 3.24264e-05
INFO|2020-01-13 11:22:18,197|pysph.solver.solver|Writing output at time 1.17953, iteration 36400, dt = 3.24264e-05
INFO|2020-01-13 11:22:18,293|pysph.solver.solver|Writing output at time 1.18277, iteration 36500, dt = 3.24264e-05
INFO|2020-01-13 11:22:18,387|pysph.solver.solver|Writing output at time 1.18601, iteration 36600, dt = 3.24264e-05
INFO|2020-01-13 11:22:18,492|pysph.solver.solver|Writing output at time 1.18925, iteration 36700, dt = 3.24264e-05
INFO|2020-01-13 11:22:18,591|pysph.solver.solver|Writing output at time 1.1925, iteration 36800, dt = 3.24264e-05
INFO|2020-01-13 11:22:18,695|pysph.solver.solver|Writing output at time 1.19574, iteration 36900, dt = 3.24264e-05
INFO|2020-01-13 11:22:18,792|pysph.solver.solver|Writing output at time 1.19898, iteration 37000, dt = 3.24264e-05
INFO|2020-01-13 11:22:18,888|pysph.solver.solver|Writing output at time 1.20223, iteration 37100, dt = 3.24264e-05
INFO|2020-01-13 11:22:19,040|pysph.solver.solver|Writing output at time 1.20547, iteration 37200, dt = 3.24264e-05
INFO|2020-01-13 11:22:19,135|pysph.solver.solver|Writing output at time 1.20871, iteration 37300, dt = 3.24264e-05
INFO|2020-01-13 11:22:19,230|pysph.solver.solver|Writing output at time 1.21195, iteration 37400, dt = 3.24264e-05
INFO|2020-01-13 11:22:19,329|pysph.solver.solver|Writing output at time 1.2152, iteration 37500, dt = 3.24264e-05
INFO|2020-01-13 11:22:19,423|pysph.solver.solver|Writing output at time 1.21844, iteration 37600, dt = 3.24264e-05
INFO|2020-01-13 11:22:19,561|pysph.solver.solver|Writing output at time 1.22168, iteration 37700, dt = 3.24264e-05
INFO|2020-01-13 11:22:19,655|pysph.solver.solver|Writing output at time 1.22492, iteration 37800, dt = 3.24264e-05
INFO|2020-01-13 11:22:19,749|pysph.solver.solver|Writing output at time 1.22817, iteration 37900, dt = 3.24264e-05
INFO|2020-01-13 11:22:19,843|pysph.solver.solver|Writing output at time 1.23141, iteration 38000, dt = 3.24264e-05
INFO|2020-01-13 11:22:20,035|pysph.solver.solver|Writing output at time 1.23465, iteration 38100, dt = 3.24264e-05
INFO|2020-01-13 11:22:20,131|pysph.solver.solver|Writing output at time 1.23789, iteration 38200, dt = 3.24264e-05
INFO|2020-01-13 11:22:20,224|pysph.solver.solver|Writing output at time 1.24114, iteration 38300, dt = 3.24264e-05
INFO|2020-01-13 11:22:20,315|pysph.solver.solver|Writing output at time 1.24438, iteration 38400, dt = 3.24264e-05
INFO|2020-01-13 11:22:20,417|pysph.solver.solver|Writing output at time 1.24762, iteration 38500, dt = 3.24264e-05
INFO|2020-01-13 11:22:20,581|pysph.solver.solver|Writing output at time 1.25087, iteration 38600, dt = 3.24264e-05
INFO|2020-01-13 11:22:20,704|pysph.solver.solver|Writing output at time 1.25411, iteration 38700, dt = 3.24264e-05
INFO|2020-01-13 11:22:20,796|pysph.solver.solver|Writing output at time 1.25735, iteration 38800, dt = 3.24264e-05
INFO|2020-01-13 11:22:20,942|pysph.solver.solver|Writing output at time 1.26059, iteration 38900, dt = 3.24264e-05
INFO|2020-01-13 11:22:21,066|pysph.solver.solver|Writing output at time 1.26384, iteration 39000, dt = 3.24264e-05
INFO|2020-01-13 11:22:21,161|pysph.solver.solver|Writing output at time 1.26708, iteration 39100, dt = 3.24264e-05
INFO|2020-01-13 11:22:21,256|pysph.solver.solver|Writing output at time 1.27032, iteration 39200, dt = 3.24264e-05
INFO|2020-01-13 11:22:21,355|pysph.solver.solver|Writing output at time 1.27356, iteration 39300, dt = 3.24264e-05
INFO|2020-01-13 11:22:21,449|pysph.solver.solver|Writing output at time 1.27681, iteration 39400, dt = 3.24264e-05
INFO|2020-01-13 11:22:21,589|pysph.solver.solver|Writing output at time 1.28005, iteration 39500, dt = 3.24264e-05
INFO|2020-01-13 11:22:21,697|pysph.solver.solver|Writing output at time 1.28329, iteration 39600, dt = 3.24264e-05
INFO|2020-01-13 11:22:21,792|pysph.solver.solver|Writing output at time 1.28653, iteration 39700, dt = 3.24264e-05
INFO|2020-01-13 11:22:21,888|pysph.solver.solver|Writing output at time 1.28978, iteration 39800, dt = 3.24264e-05
INFO|2020-01-13 11:22:21,993|pysph.solver.solver|Writing output at time 1.29302, iteration 39900, dt = 3.24264e-05
INFO|2020-01-13 11:22:22,341|pysph.solver.solver|Writing output at time 1.29626, iteration 40000, dt = 3.24264e-05
INFO|2020-01-13 11:22:22,522|pysph.solver.solver|Writing output at time 1.2995, iteration 40100, dt = 3.24264e-05
INFO|2020-01-13 11:22:22,630|pysph.solver.solver|Writing output at time 1.30275, iteration 40200, dt = 3.24264e-05
INFO|2020-01-13 11:22:22,727|pysph.solver.solver|Writing output at time 1.30599, iteration 40300, dt = 3.24264e-05
INFO|2020-01-13 11:22:22,823|pysph.solver.solver|Writing output at time 1.30923, iteration 40400, dt = 3.24264e-05
INFO|2020-01-13 11:22:22,917|pysph.solver.solver|Writing output at time 1.31248, iteration 40500, dt = 3.24264e-05
INFO|2020-01-13 11:22:23,051|pysph.solver.solver|Writing output at time 1.31572, iteration 40600, dt = 3.24264e-05
INFO|2020-01-13 11:22:23,144|pysph.solver.solver|Writing output at time 1.31896, iteration 40700, dt = 3.24264e-05
INFO|2020-01-13 11:22:23,240|pysph.solver.solver|Writing output at time 1.3222, iteration 40800, dt = 3.24264e-05
INFO|2020-01-13 11:22:23,337|pysph.solver.solver|Writing output at time 1.32545, iteration 40900, dt = 3.24264e-05
INFO|2020-01-13 11:22:23,487|pysph.solver.solver|Writing output at time 1.32869, iteration 41000, dt = 3.24264e-05
INFO|2020-01-13 11:22:24,357|pysph.solver.solver|Writing output at time 1.33193, iteration 41100, dt = 3.24264e-05
INFO|2020-01-13 11:22:24,913|pysph.solver.solver|Writing output at time 1.33517, iteration 41200, dt = 3.24264e-05
INFO|2020-01-13 11:22:25,728|pysph.solver.solver|Writing output at time 1.33842, iteration 41300, dt = 3.24264e-05
INFO|2020-01-13 11:22:26,502|pysph.solver.solver|Writing output at time 1.34166, iteration 41400, dt = 3.24264e-05
INFO|2020-01-13 11:22:27,314|pysph.solver.solver|Writing output at time 1.3449, iteration 41500, dt = 3.24264e-05
INFO|2020-01-13 11:22:27,703|pysph.solver.solver|Writing output at time 1.34814, iteration 41600, dt = 3.24264e-05
INFO|2020-01-13 11:22:28,285|pysph.solver.solver|Writing output at time 1.35139, iteration 41700, dt = 3.24264e-05
INFO|2020-01-13 11:22:29,451|pysph.solver.solver|Writing output at time 1.35463, iteration 41800, dt = 3.24264e-05
INFO|2020-01-13 11:22:29,849|pysph.solver.solver|Writing output at time 1.35787, iteration 41900, dt = 3.24264e-05
INFO|2020-01-13 11:22:30,307|pysph.solver.solver|Writing output at time 1.36111, iteration 42000, dt = 3.24264e-05
INFO|2020-01-13 11:22:31,005|pysph.solver.solver|Writing output at time 1.36436, iteration 42100, dt = 3.24264e-05
INFO|2020-01-13 11:22:31,867|pysph.solver.solver|Writing output at time 1.3676, iteration 42200, dt = 3.24264e-05
INFO|2020-01-13 11:22:32,470|pysph.solver.solver|Writing output at time 1.37084, iteration 42300, dt = 3.24264e-05
INFO|2020-01-13 11:22:32,933|pysph.solver.solver|Writing output at time 1.37409, iteration 42400, dt = 3.24264e-05
INFO|2020-01-13 11:22:34,008|pysph.solver.solver|Writing output at time 1.37733, iteration 42500, dt = 3.24264e-05
INFO|2020-01-13 11:22:34,832|pysph.solver.solver|Writing output at time 1.38057, iteration 42600, dt = 3.24264e-05
INFO|2020-01-13 11:22:36,176|pysph.solver.solver|Writing output at time 1.38381, iteration 42700, dt = 3.24264e-05
INFO|2020-01-13 11:22:37,673|pysph.solver.solver|Writing output at time 1.38706, iteration 42800, dt = 3.24264e-05
INFO|2020-01-13 11:22:38,358|pysph.solver.solver|Writing output at time 1.3903, iteration 42900, dt = 3.24264e-05
INFO|2020-01-13 11:22:39,012|pysph.solver.solver|Writing output at time 1.39354, iteration 43000, dt = 3.24264e-05
INFO|2020-01-13 11:22:39,477|pysph.solver.solver|Writing output at time 1.39678, iteration 43100, dt = 3.24264e-05
INFO|2020-01-13 11:22:39,909|pysph.solver.solver|Writing output at time 1.40003, iteration 43200, dt = 3.24264e-05
INFO|2020-01-13 11:22:40,319|pysph.solver.solver|Writing output at time 1.40327, iteration 43300, dt = 3.24264e-05
INFO|2020-01-13 11:22:40,727|pysph.solver.solver|Writing output at time 1.40651, iteration 43400, dt = 3.24264e-05
INFO|2020-01-13 11:22:41,408|pysph.solver.solver|Writing output at time 1.40975, iteration 43500, dt = 3.24264e-05
INFO|2020-01-13 11:22:42,203|pysph.solver.solver|Writing output at time 1.413, iteration 43600, dt = 3.24264e-05
INFO|2020-01-13 11:22:42,604|pysph.solver.solver|Writing output at time 1.41624, iteration 43700, dt = 3.24264e-05
INFO|2020-01-13 11:22:43,234|pysph.solver.solver|Writing output at time 1.41948, iteration 43800, dt = 3.24264e-05
INFO|2020-01-13 11:22:43,701|pysph.solver.solver|Writing output at time 1.42272, iteration 43900, dt = 3.24264e-05
INFO|2020-01-13 11:22:44,128|pysph.solver.solver|Writing output at time 1.42597, iteration 44000, dt = 3.24264e-05
INFO|2020-01-13 11:22:44,468|pysph.solver.solver|Writing output at time 1.42921, iteration 44100, dt = 3.24264e-05
INFO|2020-01-13 11:22:44,590|pysph.solver.solver|Writing output at time 1.43245, iteration 44200, dt = 3.24264e-05
INFO|2020-01-13 11:22:44,691|pysph.solver.solver|Writing output at time 1.4357, iteration 44300, dt = 3.24264e-05
INFO|2020-01-13 11:22:44,792|pysph.solver.solver|Writing output at time 1.43894, iteration 44400, dt = 3.24264e-05
INFO|2020-01-13 11:22:44,890|pysph.solver.solver|Writing output at time 1.44218, iteration 44500, dt = 3.24264e-05
INFO|2020-01-13 11:22:44,984|pysph.solver.solver|Writing output at time 1.44542, iteration 44600, dt = 3.24264e-05
INFO|2020-01-13 11:22:45,109|pysph.solver.solver|Writing output at time 1.44867, iteration 44700, dt = 3.24264e-05
INFO|2020-01-13 11:22:45,204|pysph.solver.solver|Writing output at time 1.45191, iteration 44800, dt = 3.24264e-05
INFO|2020-01-13 11:22:45,307|pysph.solver.solver|Writing output at time 1.45515, iteration 44900, dt = 3.24264e-05
INFO|2020-01-13 11:22:45,402|pysph.solver.solver|Writing output at time 1.45839, iteration 45000, dt = 3.24264e-05
INFO|2020-01-13 11:22:45,512|pysph.solver.solver|Writing output at time 1.46164, iteration 45100, dt = 3.24264e-05
INFO|2020-01-13 11:22:45,623|pysph.solver.solver|Writing output at time 1.46488, iteration 45200, dt = 3.24264e-05
INFO|2020-01-13 11:22:45,715|pysph.solver.solver|Writing output at time 1.46812, iteration 45300, dt = 3.24264e-05
INFO|2020-01-13 11:22:45,816|pysph.solver.solver|Writing output at time 1.47136, iteration 45400, dt = 3.24264e-05
INFO|2020-01-13 11:22:45,912|pysph.solver.solver|Writing output at time 1.47461, iteration 45500, dt = 3.24264e-05
INFO|2020-01-13 11:22:46,004|pysph.solver.solver|Writing output at time 1.47785, iteration 45600, dt = 3.24264e-05
INFO|2020-01-13 11:22:46,134|pysph.solver.solver|Writing output at time 1.48109, iteration 45700, dt = 3.24264e-05
INFO|2020-01-13 11:22:46,228|pysph.solver.solver|Writing output at time 1.48434, iteration 45800, dt = 3.24264e-05
INFO|2020-01-13 11:22:46,322|pysph.solver.solver|Writing output at time 1.48758, iteration 45900, dt = 3.24264e-05
INFO|2020-01-13 11:22:46,429|pysph.solver.solver|Writing output at time 1.49082, iteration 46000, dt = 3.24264e-05
INFO|2020-01-13 11:22:46,522|pysph.solver.solver|Writing output at time 1.49406, iteration 46100, dt = 3.24264e-05
INFO|2020-01-13 11:22:46,628|pysph.solver.solver|Writing output at time 1.49731, iteration 46200, dt = 3.24264e-05
INFO|2020-01-13 11:22:46,725|pysph.solver.solver|Writing output at time 1.50055, iteration 46300, dt = 3.24264e-05
INFO|2020-01-13 11:22:46,822|pysph.solver.solver|Writing output at time 1.50379, iteration 46400, dt = 3.24264e-05
INFO|2020-01-13 11:22:46,939|pysph.solver.solver|Writing output at time 1.50703, iteration 46500, dt = 3.24264e-05
INFO|2020-01-13 11:22:47,034|pysph.solver.solver|Writing output at time 1.51028, iteration 46600, dt = 3.24264e-05
INFO|2020-01-13 11:22:47,136|pysph.solver.solver|Writing output at time 1.51352, iteration 46700, dt = 3.24264e-05
INFO|2020-01-13 11:22:47,230|pysph.solver.solver|Writing output at time 1.51676, iteration 46800, dt = 3.24264e-05
INFO|2020-01-13 11:22:47,323|pysph.solver.solver|Writing output at time 1.52, iteration 46900, dt = 3.24264e-05
INFO|2020-01-13 11:22:47,419|pysph.solver.solver|Writing output at time 1.52325, iteration 47000, dt = 3.24264e-05
INFO|2020-01-13 11:22:47,514|pysph.solver.solver|Writing output at time 1.52649, iteration 47100, dt = 3.24264e-05
INFO|2020-01-13 11:22:47,621|pysph.solver.solver|Writing output at time 1.52973, iteration 47200, dt = 3.24264e-05
INFO|2020-01-13 11:22:47,740|pysph.solver.solver|Writing output at time 1.53297, iteration 47300, dt = 3.24264e-05
INFO|2020-01-13 11:22:47,844|pysph.solver.solver|Writing output at time 1.53622, iteration 47400, dt = 3.24264e-05
INFO|2020-01-13 11:22:47,952|pysph.solver.solver|Writing output at time 1.53946, iteration 47500, dt = 3.24264e-05
INFO|2020-01-13 11:22:48,045|pysph.solver.solver|Writing output at time 1.5427, iteration 47600, dt = 3.24264e-05
INFO|2020-01-13 11:22:48,155|pysph.solver.solver|Writing output at time 1.54595, iteration 47700, dt = 3.24264e-05
INFO|2020-01-13 11:22:48,251|pysph.solver.solver|Writing output at time 1.54919, iteration 47800, dt = 3.24264e-05
INFO|2020-01-13 11:22:48,349|pysph.solver.solver|Writing output at time 1.55243, iteration 47900, dt = 3.24264e-05
INFO|2020-01-13 11:22:48,443|pysph.solver.solver|Writing output at time 1.55567, iteration 48000, dt = 3.24264e-05
INFO|2020-01-13 11:22:48,775|pysph.solver.solver|Writing output at time 1.55892, iteration 48100, dt = 3.24264e-05
INFO|2020-01-13 11:22:50,357|pysph.solver.solver|Writing output at time 1.56216, iteration 48200, dt = 3.24264e-05
INFO|2020-01-13 11:22:50,751|pysph.solver.solver|Writing output at time 1.5654, iteration 48300, dt = 3.24264e-05
INFO|2020-01-13 11:22:51,701|pysph.solver.solver|Writing output at time 1.56864, iteration 48400, dt = 3.24264e-05
INFO|2020-01-13 11:22:52,034|pysph.solver.solver|Writing output at time 1.57189, iteration 48500, dt = 3.24264e-05
INFO|2020-01-13 11:22:52,241|pysph.solver.solver|Writing output at time 1.57513, iteration 48600, dt = 3.24264e-05
INFO|2020-01-13 11:22:52,360|pysph.solver.solver|Writing output at time 1.57837, iteration 48700, dt = 3.24264e-05
INFO|2020-01-13 11:22:52,463|pysph.solver.solver|Writing output at time 1.58161, iteration 48800, dt = 3.24264e-05
INFO|2020-01-13 11:22:52,601|pysph.solver.solver|Writing output at time 1.58486, iteration 48900, dt = 3.24264e-05
INFO|2020-01-13 11:22:52,732|pysph.solver.solver|Writing output at time 1.5881, iteration 49000, dt = 3.24264e-05
INFO|2020-01-13 11:22:52,830|pysph.solver.solver|Writing output at time 1.59134, iteration 49100, dt = 3.24264e-05
INFO|2020-01-13 11:22:52,926|pysph.solver.solver|Writing output at time 1.59458, iteration 49200, dt = 3.24264e-05
INFO|2020-01-13 11:22:53,030|pysph.solver.solver|Writing output at time 1.59783, iteration 49300, dt = 3.24264e-05
INFO|2020-01-13 11:22:53,141|pysph.solver.solver|Writing output at time 1.60107, iteration 49400, dt = 3.24264e-05
INFO|2020-01-13 11:22:53,255|pysph.solver.solver|Writing output at time 1.60431, iteration 49500, dt = 3.24264e-05
INFO|2020-01-13 11:22:53,354|pysph.solver.solver|Writing output at time 1.60756, iteration 49600, dt = 3.24264e-05
INFO|2020-01-13 11:22:53,447|pysph.solver.solver|Writing output at time 1.6108, iteration 49700, dt = 3.24264e-05
INFO|2020-01-13 11:22:53,547|pysph.solver.solver|Writing output at time 1.61404, iteration 49800, dt = 3.24264e-05
INFO|2020-01-13 11:22:53,664|pysph.solver.solver|Writing output at time 1.61728, iteration 49900, dt = 3.24264e-05
INFO|2020-01-13 11:22:53,777|pysph.solver.solver|Writing output at time 1.62053, iteration 50000, dt = 3.24264e-05
INFO|2020-01-13 11:22:53,870|pysph.solver.solver|Writing output at time 1.62377, iteration 50100, dt = 3.24264e-05
INFO|2020-01-13 11:22:53,964|pysph.solver.solver|Writing output at time 1.62701, iteration 50200, dt = 3.24264e-05
INFO|2020-01-13 11:22:54,059|pysph.solver.solver|Writing output at time 1.63025, iteration 50300, dt = 3.24264e-05
INFO|2020-01-13 11:22:54,162|pysph.solver.solver|Writing output at time 1.6335, iteration 50400, dt = 3.24264e-05
INFO|2020-01-13 11:22:54,268|pysph.solver.solver|Writing output at time 1.63674, iteration 50500, dt = 3.24264e-05
INFO|2020-01-13 11:22:54,364|pysph.solver.solver|Writing output at time 1.63998, iteration 50600, dt = 3.24264e-05
INFO|2020-01-13 11:22:54,485|pysph.solver.solver|Writing output at time 1.64322, iteration 50700, dt = 3.24264e-05
INFO|2020-01-13 11:22:54,615|pysph.solver.solver|Writing output at time 1.64647, iteration 50800, dt = 3.24264e-05
INFO|2020-01-13 11:22:54,713|pysph.solver.solver|Writing output at time 1.64971, iteration 50900, dt = 3.24264e-05
INFO|2020-01-13 11:22:54,813|pysph.solver.solver|Writing output at time 1.65295, iteration 51000, dt = 3.24264e-05
INFO|2020-01-13 11:22:54,909|pysph.solver.solver|Writing output at time 1.6562, iteration 51100, dt = 3.24264e-05
INFO|2020-01-13 11:22:55,002|pysph.solver.solver|Writing output at time 1.65944, iteration 51200, dt = 3.24264e-05
INFO|2020-01-13 11:22:55,123|pysph.solver.solver|Writing output at time 1.66268, iteration 51300, dt = 3.24264e-05
INFO|2020-01-13 11:22:55,237|pysph.solver.solver|Writing output at time 1.66592, iteration 51400, dt = 3.24264e-05
INFO|2020-01-13 11:22:55,334|pysph.solver.solver|Writing output at time 1.66917, iteration 51500, dt = 3.24264e-05
INFO|2020-01-13 11:22:55,429|pysph.solver.solver|Writing output at time 1.67241, iteration 51600, dt = 3.24264e-05
INFO|2020-01-13 11:22:55,527|pysph.solver.solver|Writing output at time 1.67565, iteration 51700, dt = 3.24264e-05
INFO|2020-01-13 11:22:55,653|pysph.solver.solver|Writing output at time 1.67889, iteration 51800, dt = 3.24264e-05
INFO|2020-01-13 11:22:55,766|pysph.solver.solver|Writing output at time 1.68214, iteration 51900, dt = 3.24264e-05
INFO|2020-01-13 11:22:55,862|pysph.solver.solver|Writing output at time 1.68538, iteration 52000, dt = 3.24264e-05
INFO|2020-01-13 11:22:55,958|pysph.solver.solver|Writing output at time 1.68862, iteration 52100, dt = 3.24264e-05
INFO|2020-01-13 11:22:56,054|pysph.solver.solver|Writing output at time 1.69186, iteration 52200, dt = 3.24264e-05
INFO|2020-01-13 11:22:56,156|pysph.solver.solver|Writing output at time 1.69511, iteration 52300, dt = 3.24264e-05
INFO|2020-01-13 11:22:56,271|pysph.solver.solver|Writing output at time 1.69835, iteration 52400, dt = 3.24264e-05
INFO|2020-01-13 11:22:56,368|pysph.solver.solver|Writing output at time 1.70159, iteration 52500, dt = 3.24264e-05
INFO|2020-01-13 11:22:56,465|pysph.solver.solver|Writing output at time 1.70483, iteration 52600, dt = 3.24264e-05
INFO|2020-01-13 11:22:56,566|pysph.solver.solver|Writing output at time 1.70808, iteration 52700, dt = 3.24264e-05
INFO|2020-01-13 11:22:56,673|pysph.solver.solver|Writing output at time 1.71132, iteration 52800, dt = 3.24264e-05
INFO|2020-01-13 11:22:56,792|pysph.solver.solver|Writing output at time 1.71456, iteration 52900, dt = 3.24264e-05
INFO|2020-01-13 11:22:56,887|pysph.solver.solver|Writing output at time 1.71781, iteration 53000, dt = 3.24264e-05
INFO|2020-01-13 11:22:57,027|pysph.solver.solver|Writing output at time 1.72105, iteration 53100, dt = 3.24264e-05
INFO|2020-01-13 11:22:57,144|pysph.solver.solver|Writing output at time 1.72429, iteration 53200, dt = 3.24264e-05
INFO|2020-01-13 11:22:57,246|pysph.solver.solver|Writing output at time 1.72753, iteration 53300, dt = 3.24264e-05
INFO|2020-01-13 11:22:57,342|pysph.solver.solver|Writing output at time 1.73078, iteration 53400, dt = 3.24264e-05
INFO|2020-01-13 11:22:57,435|pysph.solver.solver|Writing output at time 1.73402, iteration 53500, dt = 3.24264e-05
INFO|2020-01-13 11:22:57,531|pysph.solver.solver|Writing output at time 1.73726, iteration 53600, dt = 3.24264e-05
INFO|2020-01-13 11:22:57,645|pysph.solver.solver|Writing output at time 1.7405, iteration 53700, dt = 3.24264e-05
INFO|2020-01-13 11:22:57,759|pysph.solver.solver|Writing output at time 1.74375, iteration 53800, dt = 3.24264e-05
INFO|2020-01-13 11:22:57,859|pysph.solver.solver|Writing output at time 1.74699, iteration 53900, dt = 3.24264e-05
INFO|2020-01-13 11:22:57,963|pysph.solver.solver|Writing output at time 1.75023, iteration 54000, dt = 3.24264e-05
INFO|2020-01-13 11:22:58,108|pysph.solver.solver|Writing output at time 1.75347, iteration 54100, dt = 3.24264e-05
INFO|2020-01-13 11:22:58,202|pysph.solver.solver|Writing output at time 1.75672, iteration 54200, dt = 3.24264e-05
INFO|2020-01-13 11:22:58,302|pysph.solver.solver|Writing output at time 1.75996, iteration 54300, dt = 3.24264e-05
INFO|2020-01-13 11:22:58,397|pysph.solver.solver|Writing output at time 1.7632, iteration 54400, dt = 3.24264e-05
INFO|2020-01-13 11:22:58,498|pysph.solver.solver|Writing output at time 1.76644, iteration 54500, dt = 3.24264e-05
INFO|2020-01-13 11:22:58,630|pysph.solver.solver|Writing output at time 1.76969, iteration 54600, dt = 3.24264e-05
INFO|2020-01-13 11:22:58,752|pysph.solver.solver|Writing output at time 1.77293, iteration 54700, dt = 3.24264e-05
INFO|2020-01-13 11:22:58,851|pysph.solver.solver|Writing output at time 1.77617, iteration 54800, dt = 3.24264e-05
INFO|2020-01-13 11:22:58,948|pysph.solver.solver|Writing output at time 1.77942, iteration 54900, dt = 3.24264e-05
INFO|2020-01-13 11:22:59,054|pysph.solver.solver|Writing output at time 1.78266, iteration 55000, dt = 3.24264e-05
INFO|2020-01-13 11:22:59,201|pysph.solver.solver|Writing output at time 1.7859, iteration 55100, dt = 3.24264e-05
INFO|2020-01-13 11:22:59,302|pysph.solver.solver|Writing output at time 1.78914, iteration 55200, dt = 3.24264e-05
INFO|2020-01-13 11:22:59,400|pysph.solver.solver|Writing output at time 1.79239, iteration 55300, dt = 3.24264e-05
INFO|2020-01-13 11:22:59,521|pysph.solver.solver|Writing output at time 1.79563, iteration 55400, dt = 3.24264e-05
INFO|2020-01-13 11:22:59,645|pysph.solver.solver|Writing output at time 1.79887, iteration 55500, dt = 3.24264e-05
INFO|2020-01-13 11:22:59,755|pysph.solver.solver|Writing output at time 1.80211, iteration 55600, dt = 3.24264e-05
INFO|2020-01-13 11:22:59,852|pysph.solver.solver|Writing output at time 1.80536, iteration 55700, dt = 3.24264e-05
INFO|2020-01-13 11:22:59,978|pysph.solver.solver|Writing output at time 1.8086, iteration 55800, dt = 3.24264e-05
INFO|2020-01-13 11:23:00,089|pysph.solver.solver|Writing output at time 1.81184, iteration 55900, dt = 3.24264e-05
INFO|2020-01-13 11:23:00,192|pysph.solver.solver|Writing output at time 1.81508, iteration 56000, dt = 3.24264e-05
INFO|2020-01-13 11:23:00,293|pysph.solver.solver|Writing output at time 1.81833, iteration 56100, dt = 3.24264e-05
INFO|2020-01-13 11:23:00,388|pysph.solver.solver|Writing output at time 1.82157, iteration 56200, dt = 3.24264e-05
INFO|2020-01-13 11:23:00,486|pysph.solver.solver|Writing output at time 1.82481, iteration 56300, dt = 3.24264e-05
INFO|2020-01-13 11:23:00,610|pysph.solver.solver|Writing output at time 1.82806, iteration 56400, dt = 3.24264e-05
INFO|2020-01-13 11:23:00,715|pysph.solver.solver|Writing output at time 1.8313, iteration 56500, dt = 3.24264e-05
INFO|2020-01-13 11:23:00,817|pysph.solver.solver|Writing output at time 1.83454, iteration 56600, dt = 3.24264e-05
INFO|2020-01-13 11:23:00,915|pysph.solver.solver|Writing output at time 1.83778, iteration 56700, dt = 3.24264e-05
INFO|2020-01-13 11:23:01,013|pysph.solver.solver|Writing output at time 1.84103, iteration 56800, dt = 3.24264e-05
INFO|2020-01-13 11:23:01,137|pysph.solver.solver|Writing output at time 1.84427, iteration 56900, dt = 3.24264e-05
INFO|2020-01-13 11:23:01,243|pysph.solver.solver|Writing output at time 1.84751, iteration 57000, dt = 3.24264e-05
INFO|2020-01-13 11:23:01,342|pysph.solver.solver|Writing output at time 1.85075, iteration 57100, dt = 3.24264e-05
INFO|2020-01-13 11:23:01,443|pysph.solver.solver|Writing output at time 1.854, iteration 57200, dt = 3.24264e-05
INFO|2020-01-13 11:23:01,561|pysph.solver.solver|Writing output at time 1.85724, iteration 57300, dt = 3.24264e-05
INFO|2020-01-13 11:23:01,667|pysph.solver.solver|Writing output at time 1.86048, iteration 57400, dt = 3.24264e-05
INFO|2020-01-13 11:23:01,770|pysph.solver.solver|Writing output at time 1.86372, iteration 57500, dt = 3.24264e-05
INFO|2020-01-13 11:23:02,301|pysph.solver.solver|Writing output at time 1.86697, iteration 57600, dt = 3.24264e-05
INFO|2020-01-13 11:23:03,321|pysph.solver.solver|Writing output at time 1.87021, iteration 57700, dt = 3.24264e-05
INFO|2020-01-13 11:23:04,140|pysph.solver.solver|Writing output at time 1.87345, iteration 57800, dt = 3.24264e-05
INFO|2020-01-13 11:23:05,448|pysph.solver.solver|Writing output at time 1.87669, iteration 57900, dt = 3.24264e-05
INFO|2020-01-13 11:23:06,376|pysph.solver.solver|Writing output at time 1.87994, iteration 58000, dt = 3.24264e-05
INFO|2020-01-13 11:23:08,374|pysph.solver.solver|Writing output at time 1.88318, iteration 58100, dt = 3.24264e-05
INFO|2020-01-13 11:23:09,498|pysph.solver.solver|Writing output at time 1.88642, iteration 58200, dt = 3.24264e-05
INFO|2020-01-13 11:23:11,673|pysph.solver.solver|Writing output at time 1.88967, iteration 58300, dt = 3.24264e-05
INFO|2020-01-13 11:23:11,777|pysph.solver.solver|Writing output at time 1.89291, iteration 58400, dt = 3.24264e-05
INFO|2020-01-13 11:23:11,930|pysph.solver.solver|Writing output at time 1.89615, iteration 58500, dt = 3.24264e-05
INFO|2020-01-13 11:23:12,275|pysph.solver.solver|Writing output at time 1.89939, iteration 58600, dt = 3.24264e-05
INFO|2020-01-13 11:23:12,375|pysph.solver.solver|Writing output at time 1.90264, iteration 58700, dt = 3.24264e-05
INFO|2020-01-13 11:23:13,189|pysph.solver.solver|Writing output at time 1.90588, iteration 58800, dt = 3.24264e-05
INFO|2020-01-13 11:23:13,879|pysph.solver.solver|Writing output at time 1.90912, iteration 58900, dt = 3.24264e-05
INFO|2020-01-13 11:23:14,870|pysph.solver.solver|Writing output at time 1.91236, iteration 59000, dt = 3.24264e-05
INFO|2020-01-13 11:23:15,822|pysph.solver.solver|Writing output at time 1.91561, iteration 59100, dt = 3.24264e-05
INFO|2020-01-13 11:23:16,649|pysph.solver.solver|Writing output at time 1.91885, iteration 59200, dt = 3.24264e-05
INFO|2020-01-13 11:23:18,186|pysph.solver.solver|Writing output at time 1.92209, iteration 59300, dt = 3.24264e-05
INFO|2020-01-13 11:23:20,183|pysph.solver.solver|Writing output at time 1.92533, iteration 59400, dt = 3.24264e-05
INFO|2020-01-13 11:23:21,204|pysph.solver.solver|Writing output at time 1.92858, iteration 59500, dt = 3.24264e-05
INFO|2020-01-13 11:23:21,997|pysph.solver.solver|Writing output at time 1.93182, iteration 59600, dt = 3.24264e-05
INFO|2020-01-13 11:23:22,808|pysph.solver.solver|Writing output at time 1.93506, iteration 59700, dt = 3.24264e-05
INFO|2020-01-13 11:23:24,018|pysph.solver.solver|Writing output at time 1.9383, iteration 59800, dt = 3.24264e-05
INFO|2020-01-13 11:23:25,209|pysph.solver.solver|Writing output at time 1.94155, iteration 59900, dt = 3.24264e-05
INFO|2020-01-13 11:23:26,013|pysph.solver.solver|Writing output at time 1.94479, iteration 60000, dt = 3.24264e-05
INFO|2020-01-13 11:23:26,809|pysph.solver.solver|Writing output at time 1.94803, iteration 60100, dt = 3.24264e-05
INFO|2020-01-13 11:23:27,376|pysph.solver.solver|Writing output at time 1.95128, iteration 60200, dt = 3.24264e-05
INFO|2020-01-13 11:23:28,676|pysph.solver.solver|Writing output at time 1.95452, iteration 60300, dt = 3.24264e-05
INFO|2020-01-13 11:23:29,853|pysph.solver.solver|Writing output at time 1.95776, iteration 60400, dt = 3.24264e-05
INFO|2020-01-13 11:23:30,889|pysph.solver.solver|Writing output at time 1.961, iteration 60500, dt = 3.24264e-05
INFO|2020-01-13 11:23:31,541|pysph.solver.solver|Writing output at time 1.96425, iteration 60600, dt = 3.24264e-05
INFO|2020-01-13 11:23:32,319|pysph.solver.solver|Writing output at time 1.96749, iteration 60700, dt = 3.24264e-05
INFO|2020-01-13 11:23:33,287|pysph.solver.solver|Writing output at time 1.97073, iteration 60800, dt = 3.24264e-05
INFO|2020-01-13 11:23:34,510|pysph.solver.solver|Writing output at time 1.97397, iteration 60900, dt = 3.24264e-05
INFO|2020-01-13 11:23:35,943|pysph.solver.solver|Writing output at time 1.97722, iteration 61000, dt = 3.24264e-05
INFO|2020-01-13 11:23:36,899|pysph.solver.solver|Writing output at time 1.98046, iteration 61100, dt = 3.24264e-05
INFO|2020-01-13 11:23:37,969|pysph.solver.solver|Writing output at time 1.9837, iteration 61200, dt = 3.24264e-05
INFO|2020-01-13 11:23:39,260|pysph.solver.solver|Writing output at time 1.98694, iteration 61300, dt = 3.24264e-05
INFO|2020-01-13 11:23:40,432|pysph.solver.solver|Writing output at time 1.99019, iteration 61400, dt = 3.24264e-05
INFO|2020-01-13 11:23:42,316|pysph.solver.solver|Writing output at time 1.99343, iteration 61500, dt = 3.24264e-05
INFO|2020-01-13 11:23:43,133|pysph.solver.solver|Writing output at time 1.99667, iteration 61600, dt = 3.24264e-05
INFO|2020-01-13 11:23:43,263|pysph.solver.solver|Writing output at time 1.99992, iteration 61700, dt = 3.24264e-05
INFO|2020-01-13 11:23:43,317|pysph.solver.solver|Writing output at time 2, iteration 61703, dt = 2.00542e-05
INFO|2020-01-13 11:23:43,379|pysph.solver.application|Run took: 145.89168 secs
